<?xml version="1.0" encoding="UTF-8"?>
<testsuite xmlns:xsi="http://www.w3.org/2001/XMLSchema-instance" xsi:noNamespaceSchemaLocation="https://maven.apache.org/surefire/maven-surefire-plugin/xsd/surefire-test-report.xsd" version="3.0.2" name="com.example.weather.AggregationServerTest" time="0.713" tests="3" errors="0" skipped="0" failures="0">
  <properties>
    <property name="java.specification.version" value="22"/>
    <property name="sun.jnu.encoding" value="UTF-8"/>
    <property name="java.class.path" value="/home/kirisan/Documents/ds-s2-2024/assignment02/weatherapp/target/test-classes:/home/kirisan/Documents/ds-s2-2024/assignment02/weatherapp/target/classes:/home/kirisan/.m2/repository/org/junit/jupiter/junit-jupiter-api/5.11.0/junit-jupiter-api-5.11.0.jar:/home/kirisan/.m2/repository/org/opentest4j/opentest4j/1.3.0/opentest4j-1.3.0.jar:/home/kirisan/.m2/repository/org/junit/platform/junit-platform-commons/1.11.0/junit-platform-commons-1.11.0.jar:/home/kirisan/.m2/repository/org/apiguardian/apiguardian-api/1.1.2/apiguardian-api-1.1.2.jar:/home/kirisan/.m2/repository/org/junit/jupiter/junit-jupiter-engine/5.11.0/junit-jupiter-engine-5.11.0.jar:/home/kirisan/.m2/repository/org/junit/platform/junit-platform-engine/1.11.0/junit-platform-engine-1.11.0.jar:/home/kirisan/.m2/repository/com/google/code/gson/gson/2.11.0/gson-2.11.0.jar:/home/kirisan/.m2/repository/com/google/errorprone/error_prone_annotations/2.27.0/error_prone_annotations-2.27.0.jar:/home/kirisan/.m2/repository/com/sparkjava/spark-core/2.9.4/spark-core-2.9.4.jar:/home/kirisan/.m2/repository/org/eclipse/jetty/jetty-server/9.4.48.v20220622/jetty-server-9.4.48.v20220622.jar:/home/kirisan/.m2/repository/javax/servlet/javax.servlet-api/3.1.0/javax.servlet-api-3.1.0.jar:/home/kirisan/.m2/repository/org/eclipse/jetty/jetty-http/9.4.48.v20220622/jetty-http-9.4.48.v20220622.jar:/home/kirisan/.m2/repository/org/eclipse/jetty/jetty-util/9.4.48.v20220622/jetty-util-9.4.48.v20220622.jar:/home/kirisan/.m2/repository/org/eclipse/jetty/jetty-io/9.4.48.v20220622/jetty-io-9.4.48.v20220622.jar:/home/kirisan/.m2/repository/org/eclipse/jetty/jetty-webapp/9.4.48.v20220622/jetty-webapp-9.4.48.v20220622.jar:/home/kirisan/.m2/repository/org/eclipse/jetty/jetty-xml/9.4.48.v20220622/jetty-xml-9.4.48.v20220622.jar:/home/kirisan/.m2/repository/org/eclipse/jetty/jetty-servlet/9.4.48.v20220622/jetty-servlet-9.4.48.v20220622.jar:/home/kirisan/.m2/repository/org/eclipse/jetty/jetty-security/9.4.48.v20220622/jetty-security-9.4.48.v20220622.jar:/home/kirisan/.m2/repository/org/eclipse/jetty/jetty-util-ajax/9.4.48.v20220622/jetty-util-ajax-9.4.48.v20220622.jar:/home/kirisan/.m2/repository/org/eclipse/jetty/websocket/websocket-server/9.4.48.v20220622/websocket-server-9.4.48.v20220622.jar:/home/kirisan/.m2/repository/org/eclipse/jetty/websocket/websocket-common/9.4.48.v20220622/websocket-common-9.4.48.v20220622.jar:/home/kirisan/.m2/repository/org/eclipse/jetty/websocket/websocket-client/9.4.48.v20220622/websocket-client-9.4.48.v20220622.jar:/home/kirisan/.m2/repository/org/eclipse/jetty/jetty-client/9.4.48.v20220622/jetty-client-9.4.48.v20220622.jar:/home/kirisan/.m2/repository/org/eclipse/jetty/websocket/websocket-servlet/9.4.48.v20220622/websocket-servlet-9.4.48.v20220622.jar:/home/kirisan/.m2/repository/org/eclipse/jetty/websocket/websocket-api/9.4.48.v20220622/websocket-api-9.4.48.v20220622.jar:/home/kirisan/.m2/repository/org/slf4j/slf4j-api/2.0.16/slf4j-api-2.0.16.jar:/home/kirisan/.m2/repository/org/slf4j/slf4j-simple/2.0.16/slf4j-simple-2.0.16.jar:/home/kirisan/.m2/repository/io/rest-assured/rest-assured/5.5.0/rest-assured-5.5.0.jar:/home/kirisan/.m2/repository/org/apache/groovy/groovy/4.0.22/groovy-4.0.22.jar:/home/kirisan/.m2/repository/org/apache/groovy/groovy-xml/4.0.22/groovy-xml-4.0.22.jar:/home/kirisan/.m2/repository/org/apache/httpcomponents/httpclient/4.5.13/httpclient-4.5.13.jar:/home/kirisan/.m2/repository/org/apache/httpcomponents/httpcore/4.4.13/httpcore-4.4.13.jar:/home/kirisan/.m2/repository/commons-logging/commons-logging/1.2/commons-logging-1.2.jar:/home/kirisan/.m2/repository/commons-codec/commons-codec/1.11/commons-codec-1.11.jar:/home/kirisan/.m2/repository/org/apache/httpcomponents/httpmime/4.5.13/httpmime-4.5.13.jar:/home/kirisan/.m2/repository/org/hamcrest/hamcrest/2.2/hamcrest-2.2.jar:/home/kirisan/.m2/repository/org/ccil/cowan/tagsoup/tagsoup/1.2.1/tagsoup-1.2.1.jar:/home/kirisan/.m2/repository/io/rest-assured/json-path/5.5.0/json-path-5.5.0.jar:/home/kirisan/.m2/repository/org/apache/groovy/groovy-json/4.0.22/groovy-json-4.0.22.jar:/home/kirisan/.m2/repository/io/rest-assured/rest-assured-common/5.5.0/rest-assured-common-5.5.0.jar:/home/kirisan/.m2/repository/io/rest-assured/xml-path/5.5.0/xml-path-5.5.0.jar:/home/kirisan/.m2/repository/org/apache/commons/commons-lang3/3.11/commons-lang3-3.11.jar:"/>
    <property name="java.vm.vendor" value="Oracle Corporation"/>
    <property name="sun.arch.data.model" value="64"/>
    <property name="java.vendor.url" value="https://java.oracle.com/"/>
    <property name="user.timezone" value="Australia/Adelaide"/>
    <property name="os.name" value="Linux"/>
    <property name="java.vm.specification.version" value="22"/>
    <property name="sun.java.launcher" value="SUN_STANDARD"/>
    <property name="user.country" value="AU"/>
    <property name="sun.boot.library.path" value="/usr/lib/jvm/jdk-22.0.2/lib"/>
    <property name="sun.java.command" value="/home/kirisan/Documents/ds-s2-2024/assignment02/weatherapp/target/surefire/surefirebooter-20241004051032342_3.jar /home/kirisan/Documents/ds-s2-2024/assignment02/weatherapp/target/surefire 2024-10-04T05-10-32_291-jvmRun1 surefire-20241004051032342_1tmp surefire_0-20241004051032342_2tmp"/>
    <property name="jdk.debug" value="release"/>
    <property name="test" value="AggregationServerTest"/>
    <property name="surefire.test.class.path" value="/home/kirisan/Documents/ds-s2-2024/assignment02/weatherapp/target/test-classes:/home/kirisan/Documents/ds-s2-2024/assignment02/weatherapp/target/classes:/home/kirisan/.m2/repository/org/junit/jupiter/junit-jupiter-api/5.11.0/junit-jupiter-api-5.11.0.jar:/home/kirisan/.m2/repository/org/opentest4j/opentest4j/1.3.0/opentest4j-1.3.0.jar:/home/kirisan/.m2/repository/org/junit/platform/junit-platform-commons/1.11.0/junit-platform-commons-1.11.0.jar:/home/kirisan/.m2/repository/org/apiguardian/apiguardian-api/1.1.2/apiguardian-api-1.1.2.jar:/home/kirisan/.m2/repository/org/junit/jupiter/junit-jupiter-engine/5.11.0/junit-jupiter-engine-5.11.0.jar:/home/kirisan/.m2/repository/org/junit/platform/junit-platform-engine/1.11.0/junit-platform-engine-1.11.0.jar:/home/kirisan/.m2/repository/com/google/code/gson/gson/2.11.0/gson-2.11.0.jar:/home/kirisan/.m2/repository/com/google/errorprone/error_prone_annotations/2.27.0/error_prone_annotations-2.27.0.jar:/home/kirisan/.m2/repository/com/sparkjava/spark-core/2.9.4/spark-core-2.9.4.jar:/home/kirisan/.m2/repository/org/eclipse/jetty/jetty-server/9.4.48.v20220622/jetty-server-9.4.48.v20220622.jar:/home/kirisan/.m2/repository/javax/servlet/javax.servlet-api/3.1.0/javax.servlet-api-3.1.0.jar:/home/kirisan/.m2/repository/org/eclipse/jetty/jetty-http/9.4.48.v20220622/jetty-http-9.4.48.v20220622.jar:/home/kirisan/.m2/repository/org/eclipse/jetty/jetty-util/9.4.48.v20220622/jetty-util-9.4.48.v20220622.jar:/home/kirisan/.m2/repository/org/eclipse/jetty/jetty-io/9.4.48.v20220622/jetty-io-9.4.48.v20220622.jar:/home/kirisan/.m2/repository/org/eclipse/jetty/jetty-webapp/9.4.48.v20220622/jetty-webapp-9.4.48.v20220622.jar:/home/kirisan/.m2/repository/org/eclipse/jetty/jetty-xml/9.4.48.v20220622/jetty-xml-9.4.48.v20220622.jar:/home/kirisan/.m2/repository/org/eclipse/jetty/jetty-servlet/9.4.48.v20220622/jetty-servlet-9.4.48.v20220622.jar:/home/kirisan/.m2/repository/org/eclipse/jetty/jetty-security/9.4.48.v20220622/jetty-security-9.4.48.v20220622.jar:/home/kirisan/.m2/repository/org/eclipse/jetty/jetty-util-ajax/9.4.48.v20220622/jetty-util-ajax-9.4.48.v20220622.jar:/home/kirisan/.m2/repository/org/eclipse/jetty/websocket/websocket-server/9.4.48.v20220622/websocket-server-9.4.48.v20220622.jar:/home/kirisan/.m2/repository/org/eclipse/jetty/websocket/websocket-common/9.4.48.v20220622/websocket-common-9.4.48.v20220622.jar:/home/kirisan/.m2/repository/org/eclipse/jetty/websocket/websocket-client/9.4.48.v20220622/websocket-client-9.4.48.v20220622.jar:/home/kirisan/.m2/repository/org/eclipse/jetty/jetty-client/9.4.48.v20220622/jetty-client-9.4.48.v20220622.jar:/home/kirisan/.m2/repository/org/eclipse/jetty/websocket/websocket-servlet/9.4.48.v20220622/websocket-servlet-9.4.48.v20220622.jar:/home/kirisan/.m2/repository/org/eclipse/jetty/websocket/websocket-api/9.4.48.v20220622/websocket-api-9.4.48.v20220622.jar:/home/kirisan/.m2/repository/org/slf4j/slf4j-api/2.0.16/slf4j-api-2.0.16.jar:/home/kirisan/.m2/repository/org/slf4j/slf4j-simple/2.0.16/slf4j-simple-2.0.16.jar:/home/kirisan/.m2/repository/io/rest-assured/rest-assured/5.5.0/rest-assured-5.5.0.jar:/home/kirisan/.m2/repository/org/apache/groovy/groovy/4.0.22/groovy-4.0.22.jar:/home/kirisan/.m2/repository/org/apache/groovy/groovy-xml/4.0.22/groovy-xml-4.0.22.jar:/home/kirisan/.m2/repository/org/apache/httpcomponents/httpclient/4.5.13/httpclient-4.5.13.jar:/home/kirisan/.m2/repository/org/apache/httpcomponents/httpcore/4.4.13/httpcore-4.4.13.jar:/home/kirisan/.m2/repository/commons-logging/commons-logging/1.2/commons-logging-1.2.jar:/home/kirisan/.m2/repository/commons-codec/commons-codec/1.11/commons-codec-1.11.jar:/home/kirisan/.m2/repository/org/apache/httpcomponents/httpmime/4.5.13/httpmime-4.5.13.jar:/home/kirisan/.m2/repository/org/hamcrest/hamcrest/2.2/hamcrest-2.2.jar:/home/kirisan/.m2/repository/org/ccil/cowan/tagsoup/tagsoup/1.2.1/tagsoup-1.2.1.jar:/home/kirisan/.m2/repository/io/rest-assured/json-path/5.5.0/json-path-5.5.0.jar:/home/kirisan/.m2/repository/org/apache/groovy/groovy-json/4.0.22/groovy-json-4.0.22.jar:/home/kirisan/.m2/repository/io/rest-assured/rest-assured-common/5.5.0/rest-assured-common-5.5.0.jar:/home/kirisan/.m2/repository/io/rest-assured/xml-path/5.5.0/xml-path-5.5.0.jar:/home/kirisan/.m2/repository/org/apache/commons/commons-lang3/3.11/commons-lang3-3.11.jar:"/>
    <property name="sun.cpu.endian" value="little"/>
    <property name="user.home" value="/home/kirisan"/>
    <property name="user.language" value="en"/>
    <property name="java.specification.vendor" value="Oracle Corporation"/>
    <property name="java.version.date" value="2024-07-16"/>
    <property name="java.home" value="/usr/lib/jvm/jdk-22.0.2"/>
    <property name="file.separator" value="/"/>
    <property name="basedir" value="/home/kirisan/Documents/ds-s2-2024/assignment02/weatherapp"/>
    <property name="java.vm.compressedOopsMode" value="Zero based"/>
    <property name="line.separator" value="&#10;"/>
    <property name="java.vm.specification.vendor" value="Oracle Corporation"/>
    <property name="java.specification.name" value="Java Platform API Specification"/>
    <property name="surefire.real.class.path" value="/home/kirisan/Documents/ds-s2-2024/assignment02/weatherapp/target/surefire/surefirebooter-20241004051032342_3.jar"/>
    <property name="sun.management.compiler" value="HotSpot 64-Bit Tiered Compilers"/>
    <property name="java.runtime.version" value="22.0.2+9-70"/>
    <property name="user.name" value="kirisan"/>
    <property name="stdout.encoding" value="UTF-8"/>
    <property name="path.separator" value=":"/>
    <property name="os.version" value="6.8.0-45-generic"/>
    <property name="java.runtime.name" value="OpenJDK Runtime Environment"/>
    <property name="file.encoding" value="UTF-8"/>
    <property name="java.vm.name" value="OpenJDK 64-Bit Server VM"/>
    <property name="localRepository" value="/home/kirisan/.m2/repository"/>
    <property name="java.vendor.url.bug" value="https://bugreport.java.com/bugreport/"/>
    <property name="jetty.git.hash" value="6b67c5719d1f4371b33655ff2d047d24e171e49a"/>
    <property name="java.io.tmpdir" value="/tmp"/>
    <property name="java.version" value="22.0.2"/>
    <property name="user.dir" value="/home/kirisan/Documents/ds-s2-2024/assignment02/weatherapp"/>
    <property name="os.arch" value="amd64"/>
    <property name="java.vm.specification.name" value="Java Virtual Machine Specification"/>
    <property name="native.encoding" value="UTF-8"/>
    <property name="java.library.path" value="/usr/java/packages/lib:/usr/lib64:/lib64:/lib:/usr/lib"/>
    <property name="java.vm.info" value="mixed mode, sharing"/>
    <property name="stderr.encoding" value="UTF-8"/>
    <property name="java.vendor" value="Oracle Corporation"/>
    <property name="java.vm.version" value="22.0.2+9-70"/>
    <property name="sun.io.unicode.encoding" value="UnicodeLittle"/>
    <property name="java.class.version" value="66.0"/>
  </properties>
  <testcase name="testPutMalformedWeatherData" classname="com.example.weather.AggregationServerTest" time="0.653">
    <system-out><![CDATA[Server started on port: 4567
------------------------------
Received a PUT request from:127.0.0.1 | Lamport Clock: 3
Current Lamport Clock after update: 4
]]></system-out>
    <system-err><![CDATA[[Thread-2] INFO org.eclipse.jetty.util.log - Logging initialized @254ms to org.eclipse.jetty.util.log.Slf4jLog
[Thread-2] INFO spark.embeddedserver.jetty.EmbeddedJettyServer - == Spark has ignited ...
[Thread-2] INFO spark.embeddedserver.jetty.EmbeddedJettyServer - >> Listening on 0.0.0.0:4567
[Thread-2] INFO org.eclipse.jetty.server.Server - jetty-9.4.48.v20220622; built: 2022-06-21T20:42:25.880Z; git: 6b67c5719d1f4371b33655ff2d047d24e171e49a; jvm 22.0.2+9-70
[Thread-2] INFO org.eclipse.jetty.server.session - DefaultSessionIdManager workerName=node0
[Thread-2] INFO org.eclipse.jetty.server.session - No SessionScavenger set, using defaults
[Thread-2] INFO org.eclipse.jetty.server.session - node0 Scavenging every 600000ms
[Thread-2] INFO org.eclipse.jetty.server.AbstractConnector - Started ServerConnector@33e9865b{HTTP/1.1, (http/1.1)}{0.0.0.0:4567}
[Thread-2] INFO org.eclipse.jetty.server.Server - Started @344ms
Failed to parse JSON: com.google.gson.stream.MalformedJsonException: Expected name at line 5 column 2 path $.name
See https://github.com/google/gson/blob/main/Troubleshooting.md#malformed-json
]]></system-err>
  </testcase>
  <testcase name="testPutFirstWeatherData" classname="com.example.weather.AggregationServerTest" time="0.013">
    <system-out><![CDATA[------------------------------
Received a PUT request from:127.0.0.1 | Lamport Clock: 1
Current Lamport Clock after update: 5
Lamport timestamp added to the queue: 5
New entry added to weather.json.
Current Lamport Clock after increment: 6
]]></system-out>
    <system-err><![CDATA[Failed to read or parse weather data: src/main/resources/weather.json
]]></system-err>
  </testcase>
  <testcase name="testConcurrentPutWeatherData" classname="com.example.weather.AggregationServerTest" time="0.012">
    <system-out><![CDATA[------------------------------
Received a PUT request from:127.0.0.1 | Lamport Clock: 5
------------------------------
Received a PUT request from:127.0.0.1 | Lamport Clock: 3
Current Lamport Clock after update: 7
Current Lamport Clock after update: 8
Lamport timestamp added to the queue: 8
Lamport timestamp added to the queue: 8
------------------------------
Received a PUT request from:127.0.0.1 | Lamport Clock: 2
Current Lamport Clock after update: 9
Lamport timestamp added to the queue: 9
New entry added to weather.json.
------------------------------
Received a PUT request from:127.0.0.1 | Lamport Clock: 6
Current Lamport Clock after update: 10
Lamport timestamp added to the queue: 10
------------------------------
Received a PUT request from:127.0.0.1 | Lamport Clock: 4
Current Lamport Clock after update: 11
Lamport timestamp added to the queue: 11
New entry added to weather.json.
Data updated for ID: IDS60901
New entry added to weather.json.
New entry added to weather.json.
Current Lamport Clock after increment: 12
Current Lamport Clock after increment: 13
Current Lamport Clock after increment: 14
Current Lamport Clock after increment: 15
Current Lamport Clock after increment: 16
]]></system-out>
  </testcase>
</testsuite>